--- Copying files at Tue Jan 26 10:02:35 UTC 2021
/usr/share/maven/ref/settings-docker.xml
 /usr/share/maven/ref/settings-docker.xml -> settings-docker.xml
copy settings-docker.xml to /root/.m2
--- Copying files at Tue Jan 26 10:11:08 UTC 2021
/usr/share/maven/ref/settings-docker.xml
 /usr/share/maven/ref/settings-docker.xml -> settings-docker.xml
--- Copying files at Tue Jan 26 12:12:06 UTC 2021
/usr/share/maven/ref/settings-docker.xml
 /usr/share/maven/ref/settings-docker.xml -> settings-docker.xml
--- Copying files at Tue Jan 26 12:16:48 UTC 2021
/usr/share/maven/ref/settings-docker.xml
 /usr/share/maven/ref/settings-docker.xml -> settings-docker.xml
--- Copying files at Tue Jan 26 12:25:21 UTC 2021
/usr/share/maven/ref/settings-docker.xml
 /usr/share/maven/ref/settings-docker.xml -> settings-docker.xml
--- Copying files at Tue Jan 26 15:11:39 UTC 2021
/usr/share/maven/ref/settings-docker.xml
 /usr/share/maven/ref/settings-docker.xml -> settings-docker.xml
--- Copying files at Tue Jan 26 15:12:43 UTC 2021
/usr/share/maven/ref/settings-docker.xml
 /usr/share/maven/ref/settings-docker.xml -> settings-docker.xml
--- Copying files at Tue Jan 26 15:13:55 UTC 2021
/usr/share/maven/ref/settings-docker.xml
 /usr/share/maven/ref/settings-docker.xml -> settings-docker.xml
--- Copying files at Tue Jan 26 15:15:14 UTC 2021
/usr/share/maven/ref/settings-docker.xml
 /usr/share/maven/ref/settings-docker.xml -> settings-docker.xml
--- Copying files at Tue Jan 26 15:19:56 UTC 2021
/usr/share/maven/ref/settings-docker.xml
 /usr/share/maven/ref/settings-docker.xml -> settings-docker.xml
--- Copying files at Tue Jan 26 15:21:53 UTC 2021
/usr/share/maven/ref/settings-docker.xml
 /usr/share/maven/ref/settings-docker.xml -> settings-docker.xml
--- Copying files at Tue Jan 26 15:28:09 UTC 2021
/usr/share/maven/ref/settings-docker.xml
 /usr/share/maven/ref/settings-docker.xml -> settings-docker.xml
--- Copying files at Thu Jan 28 12:31:02 UTC 2021
/usr/share/maven/ref/settings-docker.xml
 /usr/share/maven/ref/settings-docker.xml -> settings-docker.xml
--- Copying files at Thu Jan 28 12:44:28 UTC 2021
/usr/share/maven/ref/settings-docker.xml
 /usr/share/maven/ref/settings-docker.xml -> settings-docker.xml
--- Copying files at Thu Jan 28 12:45:48 UTC 2021
/usr/share/maven/ref/settings-docker.xml
 /usr/share/maven/ref/settings-docker.xml -> settings-docker.xml
--- Copying files at Thu Jan 28 12:49:42 UTC 2021
/usr/share/maven/ref/settings-docker.xml
 /usr/share/maven/ref/settings-docker.xml -> settings-docker.xml
--- Copying files at Fri Jan 29 12:30:29 UTC 2021
/usr/share/maven/ref/settings-docker.xml
 /usr/share/maven/ref/settings-docker.xml -> settings-docker.xml
--- Copying files at Fri Jan 29 12:37:59 UTC 2021
/usr/share/maven/ref/settings-docker.xml
 /usr/share/maven/ref/settings-docker.xml -> settings-docker.xml
--- Copying files at Fri Jan 29 12:43:08 UTC 2021
/usr/share/maven/ref/settings-docker.xml
 /usr/share/maven/ref/settings-docker.xml -> settings-docker.xml
--- Copying files at Fri Jan 29 12:48:34 UTC 2021
/usr/share/maven/ref/settings-docker.xml
 /usr/share/maven/ref/settings-docker.xml -> settings-docker.xml
--- Copying files at Fri Jan 29 12:50:40 UTC 2021
/usr/share/maven/ref/settings-docker.xml
 /usr/share/maven/ref/settings-docker.xml -> settings-docker.xml
--- Copying files at Fri Jan 29 12:51:49 UTC 2021
/usr/share/maven/ref/settings-docker.xml
 /usr/share/maven/ref/settings-docker.xml -> settings-docker.xml
--- Copying files at Fri Jan 29 13:22:59 UTC 2021
/usr/share/maven/ref/settings-docker.xml
 /usr/share/maven/ref/settings-docker.xml -> settings-docker.xml
--- Copying files at Fri Jan 29 13:27:24 UTC 2021
/usr/share/maven/ref/settings-docker.xml
 /usr/share/maven/ref/settings-docker.xml -> settings-docker.xml
--- Copying files at Fri Jan 29 13:35:20 UTC 2021
/usr/share/maven/ref/settings-docker.xml
 /usr/share/maven/ref/settings-docker.xml -> settings-docker.xml
--- Copying files at Fri Jan 29 13:36:53 UTC 2021
/usr/share/maven/ref/settings-docker.xml
 /usr/share/maven/ref/settings-docker.xml -> settings-docker.xml
--- Copying files at Fri Jan 29 13:38:31 UTC 2021
/usr/share/maven/ref/settings-docker.xml
 /usr/share/maven/ref/settings-docker.xml -> settings-docker.xml
--- Copying files at Thu Feb  4 13:02:37 UTC 2021
/usr/share/maven/ref/settings-docker.xml
 /usr/share/maven/ref/settings-docker.xml -> settings-docker.xml
--- Copying files at Thu Feb  4 13:48:01 UTC 2021
/usr/share/maven/ref/settings-docker.xml
 /usr/share/maven/ref/settings-docker.xml -> settings-docker.xml
--- Copying files at Thu Feb  4 13:49:16 UTC 2021
/usr/share/maven/ref/settings-docker.xml
 /usr/share/maven/ref/settings-docker.xml -> settings-docker.xml
--- Copying files at Thu Feb  4 16:35:40 UTC 2021
/usr/share/maven/ref/settings-docker.xml
 /usr/share/maven/ref/settings-docker.xml -> settings-docker.xml
--- Copying files at Thu Feb  4 16:41:41 UTC 2021
/usr/share/maven/ref/settings-docker.xml
 /usr/share/maven/ref/settings-docker.xml -> settings-docker.xml
--- Copying files at Tue Feb  9 14:10:17 UTC 2021
/usr/share/maven/ref/settings-docker.xml
 /usr/share/maven/ref/settings-docker.xml -> settings-docker.xml
--- Copying files at Tue Feb  9 14:13:22 UTC 2021
/usr/share/maven/ref/settings-docker.xml
 /usr/share/maven/ref/settings-docker.xml -> settings-docker.xml
--- Copying files at Tue Feb  9 14:19:14 UTC 2021
/usr/share/maven/ref/settings-docker.xml
 /usr/share/maven/ref/settings-docker.xml -> settings-docker.xml
--- Copying files at Tue Feb  9 14:24:38 UTC 2021
/usr/share/maven/ref/settings-docker.xml
 /usr/share/maven/ref/settings-docker.xml -> settings-docker.xml
--- Copying files at Tue Feb  9 14:25:06 UTC 2021
/usr/share/maven/ref/settings-docker.xml
 /usr/share/maven/ref/settings-docker.xml -> settings-docker.xml
--- Copying files at Tue Feb  9 14:29:38 UTC 2021
/usr/share/maven/ref/settings-docker.xml
 /usr/share/maven/ref/settings-docker.xml -> settings-docker.xml
--- Copying files at Tue Feb  9 14:35:50 UTC 2021
/usr/share/maven/ref/settings-docker.xml
 /usr/share/maven/ref/settings-docker.xml -> settings-docker.xml
--- Copying files at Tue Feb  9 14:43:20 UTC 2021
/usr/share/maven/ref/settings-docker.xml
 /usr/share/maven/ref/settings-docker.xml -> settings-docker.xml
--- Copying files at Thu Mar  4 14:24:41 UTC 2021
/usr/share/maven/ref/settings-docker.xml
 /usr/share/maven/ref/settings-docker.xml -> settings-docker.xml
--- Copying files at Thu Mar  4 14:25:13 UTC 2021
/usr/share/maven/ref/settings-docker.xml
 /usr/share/maven/ref/settings-docker.xml -> settings-docker.xml
--- Copying files at Thu Mar  4 14:39:38 UTC 2021
/usr/share/maven/ref/settings-docker.xml
 /usr/share/maven/ref/settings-docker.xml -> settings-docker.xml
--- Copying files at Mon Mar  8 11:25:39 UTC 2021
/usr/share/maven/ref/settings-docker.xml
 /usr/share/maven/ref/settings-docker.xml -> settings-docker.xml
--- Copying files at Mon Mar  8 11:33:44 UTC 2021
/usr/share/maven/ref/settings-docker.xml
 /usr/share/maven/ref/settings-docker.xml -> settings-docker.xml
--- Copying files at Mon Mar  8 11:36:55 UTC 2021
/usr/share/maven/ref/settings-docker.xml
 /usr/share/maven/ref/settings-docker.xml -> settings-docker.xml
--- Copying files at Fri Mar 12 15:14:56 UTC 2021
/usr/share/maven/ref/settings-docker.xml
 /usr/share/maven/ref/settings-docker.xml -> settings-docker.xml
--- Copying files at Fri Mar 12 15:20:52 UTC 2021
/usr/share/maven/ref/settings-docker.xml
 /usr/share/maven/ref/settings-docker.xml -> settings-docker.xml
--- Copying files at Fri Mar 12 15:44:07 UTC 2021
/usr/share/maven/ref/settings-docker.xml
 /usr/share/maven/ref/settings-docker.xml -> settings-docker.xml
--- Copying files at Fri Mar 12 15:46:20 UTC 2021
/usr/share/maven/ref/settings-docker.xml
 /usr/share/maven/ref/settings-docker.xml -> settings-docker.xml
--- Copying files at Mon Mar 15 18:18:59 UTC 2021
/usr/share/maven/ref/settings-docker.xml
 /usr/share/maven/ref/settings-docker.xml -> settings-docker.xml
--- Copying files at Mon Mar 15 18:32:43 UTC 2021
/usr/share/maven/ref/settings-docker.xml
 /usr/share/maven/ref/settings-docker.xml -> settings-docker.xml
--- Copying files at Mon Mar 15 18:34:00 UTC 2021
/usr/share/maven/ref/settings-docker.xml
 /usr/share/maven/ref/settings-docker.xml -> settings-docker.xml
--- Copying files at Mon Mar 15 18:39:39 UTC 2021
/usr/share/maven/ref/settings-docker.xml
 /usr/share/maven/ref/settings-docker.xml -> settings-docker.xml
--- Copying files at Mon Mar 15 18:45:35 UTC 2021
/usr/share/maven/ref/settings-docker.xml
 /usr/share/maven/ref/settings-docker.xml -> settings-docker.xml
--- Copying files at Mon Mar 15 18:48:45 UTC 2021
/usr/share/maven/ref/settings-docker.xml
 /usr/share/maven/ref/settings-docker.xml -> settings-docker.xml
--- Copying files at Wed Mar 31 12:12:31 UTC 2021
/usr/share/maven/ref/settings-docker.xml
 /usr/share/maven/ref/settings-docker.xml -> settings-docker.xml
--- Copying files at Wed Mar 31 12:46:43 UTC 2021
/usr/share/maven/ref/settings-docker.xml
 /usr/share/maven/ref/settings-docker.xml -> settings-docker.xml
--- Copying files at Wed Mar 31 12:55:19 UTC 2021
/usr/share/maven/ref/settings-docker.xml
 /usr/share/maven/ref/settings-docker.xml -> settings-docker.xml
--- Copying files at Wed Mar 31 12:58:05 UTC 2021
/usr/share/maven/ref/settings-docker.xml
 /usr/share/maven/ref/settings-docker.xml -> settings-docker.xml
--- Copying files at Wed Mar 31 12:59:36 UTC 2021
/usr/share/maven/ref/settings-docker.xml
 /usr/share/maven/ref/settings-docker.xml -> settings-docker.xml
--- Copying files at Wed Mar 31 13:05:10 UTC 2021
/usr/share/maven/ref/settings-docker.xml
 /usr/share/maven/ref/settings-docker.xml -> settings-docker.xml
--- Copying files at Wed Mar 31 13:23:19 UTC 2021
/usr/share/maven/ref/settings-docker.xml
 /usr/share/maven/ref/settings-docker.xml -> settings-docker.xml
--- Copying files at Wed Mar 31 13:35:14 UTC 2021
/usr/share/maven/ref/settings-docker.xml
 /usr/share/maven/ref/settings-docker.xml -> settings-docker.xml
--- Copying files at Wed Mar 31 13:39:22 UTC 2021
/usr/share/maven/ref/settings-docker.xml
 /usr/share/maven/ref/settings-docker.xml -> settings-docker.xml
--- Copying files at Fri Apr 16 13:48:03 UTC 2021
/usr/share/maven/ref/settings-docker.xml
 /usr/share/maven/ref/settings-docker.xml -> settings-docker.xml
--- Copying files at Fri Apr 16 13:57:36 UTC 2021
/usr/share/maven/ref/settings-docker.xml
 /usr/share/maven/ref/settings-docker.xml -> settings-docker.xml
--- Copying files at Mon Apr 19 09:39:57 UTC 2021
/usr/share/maven/ref/settings-docker.xml
 /usr/share/maven/ref/settings-docker.xml -> settings-docker.xml
--- Copying files at Tue Apr 20 14:45:03 UTC 2021
/usr/share/maven/ref/settings-docker.xml
 /usr/share/maven/ref/settings-docker.xml -> settings-docker.xml
--- Copying files at Tue Apr 20 14:50:46 UTC 2021
/usr/share/maven/ref/settings-docker.xml
 /usr/share/maven/ref/settings-docker.xml -> settings-docker.xml
--- Copying files at Tue Apr 20 15:10:19 UTC 2021
/usr/share/maven/ref/settings-docker.xml
 /usr/share/maven/ref/settings-docker.xml -> settings-docker.xml
--- Copying files at Tue Apr 20 15:10:42 UTC 2021
/usr/share/maven/ref/settings-docker.xml
 /usr/share/maven/ref/settings-docker.xml -> settings-docker.xml
--- Copying files at Tue Apr 20 15:18:30 UTC 2021
/usr/share/maven/ref/settings-docker.xml
 /usr/share/maven/ref/settings-docker.xml -> settings-docker.xml
--- Copying files at Tue Apr 20 15:25:08 UTC 2021
/usr/share/maven/ref/settings-docker.xml
 /usr/share/maven/ref/settings-docker.xml -> settings-docker.xml
--- Copying files at Thu Apr 22 14:28:52 UTC 2021
/usr/share/maven/ref/settings-docker.xml
 /usr/share/maven/ref/settings-docker.xml -> settings-docker.xml
--- Copying files at Thu Apr 22 14:35:31 UTC 2021
/usr/share/maven/ref/settings-docker.xml
 /usr/share/maven/ref/settings-docker.xml -> settings-docker.xml
--- Copying files at Thu Apr 22 14:36:52 UTC 2021
/usr/share/maven/ref/settings-docker.xml
 /usr/share/maven/ref/settings-docker.xml -> settings-docker.xml
--- Copying files at Thu Apr 22 14:44:42 UTC 2021
/usr/share/maven/ref/settings-docker.xml
 /usr/share/maven/ref/settings-docker.xml -> settings-docker.xml
--- Copying files at Thu Apr 22 15:24:00 UTC 2021
/usr/share/maven/ref/settings-docker.xml
 /usr/share/maven/ref/settings-docker.xml -> settings-docker.xml
--- Copying files at Wed Apr 28 14:18:44 UTC 2021
/usr/share/maven/ref/settings-docker.xml
 /usr/share/maven/ref/settings-docker.xml -> settings-docker.xml
--- Copying files at Wed Apr 28 15:35:37 UTC 2021
/usr/share/maven/ref/settings-docker.xml
 /usr/share/maven/ref/settings-docker.xml -> settings-docker.xml
--- Copying files at Thu Apr 29 08:13:02 UTC 2021
/usr/share/maven/ref/settings-docker.xml
 /usr/share/maven/ref/settings-docker.xml -> settings-docker.xml
--- Copying files at Mon May  3 09:02:44 UTC 2021
/usr/share/maven/ref/settings-docker.xml
 /usr/share/maven/ref/settings-docker.xml -> settings-docker.xml
--- Copying files at Mon May  3 09:05:14 UTC 2021
/usr/share/maven/ref/settings-docker.xml
 /usr/share/maven/ref/settings-docker.xml -> settings-docker.xml
--- Copying files at Tue May  4 12:43:27 UTC 2021
/usr/share/maven/ref/settings-docker.xml
 /usr/share/maven/ref/settings-docker.xml -> settings-docker.xml
--- Copying files at Tue May  4 12:48:18 UTC 2021
/usr/share/maven/ref/settings-docker.xml
 /usr/share/maven/ref/settings-docker.xml -> settings-docker.xml
--- Copying individual files to /root/.m2 at Tue May  4 12:57:01 UTC 2021

--- Copying individual files to /root/.m2 at Tue May  4 14:29:33 UTC 2021

--- Copying individual files to /root/.m2 at Tue May  4 14:40:58 UTC 2021

--- Copying individual files to /root/.m2 at Fri Jun 18 13:23:31 UTC 2021

--- Copying individual files to /root/.m2 at Fri Jun 18 13:25:43 UTC 2021

--- Copying individual files to /root/.m2 at Fri Jun 18 14:07:33 UTC 2021

--- Copying individual files to /root/.m2 at Fri Jun 18 14:58:23 UTC 2021

--- Copying individual files to /root/.m2 at Mon Jun 21 16:01:02 UTC 2021

--- Copying individual files to /root/.m2 at Sun Jul  4 12:21:26 UTC 2021

--- Copying individual files to /root/.m2 at Sun Jul  4 12:33:16 UTC 2021

--- Copying individual files to /root/.m2 at Thu Jul  8 09:46:17 UTC 2021

--- Copying individual files to /root/.m2 at Thu Jul  8 09:49:10 UTC 2021

--- Copying individual files to /root/.m2 at Tue Jul 13 10:21:35 UTC 2021

--- Copying individual files to /root/.m2 at Tue Jul 13 11:37:49 UTC 2021

--- Copying individual files to /root/.m2 at Tue Jul 13 11:42:55 UTC 2021

--- Copying individual files to /root/.m2 at Tue Jul 13 11:46:40 UTC 2021

--- Copying individual files to /root/.m2 at Tue Jul 13 11:48:45 UTC 2021

--- Copying individual files to /root/.m2 at Tue Jul 13 11:52:21 UTC 2021

--- Copying individual files to /root/.m2 at Tue Jul 13 12:12:01 UTC 2021

--- Copying individual files to /root/.m2 at Tue Jul 13 12:13:25 UTC 2021

--- Copying individual files to /root/.m2 at Tue Jul 13 12:19:47 UTC 2021

--- Copying individual files to /root/.m2 at Tue Jul 13 12:21:56 UTC 2021

--- Copying individual files to /root/.m2 at Tue Jul 13 12:30:24 UTC 2021

--- Copying individual files to /root/.m2 at Tue Jul 13 12:33:06 UTC 2021

--- Copying individual files to /root/.m2 at Tue Jul 13 13:02:34 UTC 2021

--- Copying individual files to /root/.m2 at Tue Jul 13 13:07:47 UTC 2021

--- Copying individual files to /root/.m2 at Tue Jul 13 13:20:12 UTC 2021

--- Copying individual files to /root/.m2 at Tue Jul 13 13:25:17 UTC 2021

